INFO:     Started server process [2714827]
INFO:     Waiting for application startup.
INFO:     Application startup complete.
INFO:     Uvicorn running on http://0.0.0.0:8000 (Press CTRL+C to quit)
✅ Database connection initialized

============================================================
🔍 OBSERVER PROTOCOL API - Startup Validation
============================================================
❌ verified_events: MISSING - Core transaction verification data
   Error: 0
❌ agent_events: MISSING - Alternative agent event tracking
   Error: 0
❌ observer_agents: MISSING - Registered agents
   Error: 0
❌ vac_credentials: MISSING - Verified Agent Credentials
   Error: 0
============================================================

INFO:     2806:108e:29:d0a6:f12d:a4f6:7ab7:a34b:0 - "GET /api/v1/stats HTTP/1.1" 200 OK
INFO:     2806:108e:29:d0a6:f12d:a4f6:7ab7:a34b:0 - "GET /observer/trends HTTP/1.1" 200 OK
INFO:     2806:108e:29:d0a6:f12d:a4f6:7ab7:a34b:0 - "GET /observer/transactions?limit=20 HTTP/1.1" 200 OK
INFO:     2408:8256:2e81:b74e:94b1:dff3:2113:d6a:0 - "GET /observer/transactions?limit=20 HTTP/1.1" 200 OK
INFO:     2408:8256:2e81:b74e:94b1:dff3:2113:d6a:0 - "GET /observer/trends HTTP/1.1" 200 OK
INFO:     2806:108e:29:d0a6:f12d:a4f6:7ab7:a34b:0 - "GET /observer/trends HTTP/1.1" 200 OK
INFO:     2806:108e:29:d0a6:f12d:a4f6:7ab7:a34b:0 - "GET /observer/transactions?limit=20 HTTP/1.1" 200 OK
INFO:     2408:8256:2e81:b74e:94b1:dff3:2113:d6a:0 - "GET /observer/transactions?limit=20 HTTP/1.1" 200 OK
INFO:     2408:8256:2e81:b74e:94b1:dff3:2113:d6a:0 - "GET /observer/trends HTTP/1.1" 200 OK
INFO:     2806:108e:29:d0a6:f12d:a4f6:7ab7:a34b:0 - "GET /observer/trends HTTP/1.1" 200 OK
INFO:     2806:108e:29:d0a6:f12d:a4f6:7ab7:a34b:0 - "GET /observer/transactions?limit=20 HTTP/1.1" 200 OK
INFO:     2408:8256:2e81:b74e:94b1:dff3:2113:d6a:0 - "GET /observer/transactions?limit=20 HTTP/1.1" 200 OK
INFO:     2408:8256:2e81:b74e:94b1:dff3:2113:d6a:0 - "GET /observer/trends HTTP/1.1" 200 OK
INFO:     2806:108e:29:d0a6:f12d:a4f6:7ab7:a34b:0 - "GET /observer/trends HTTP/1.1" 200 OK
INFO:     2806:108e:29:d0a6:f12d:a4f6:7ab7:a34b:0 - "GET /observer/transactions?limit=20 HTTP/1.1" 200 OK
INFO:     2408:8256:2e81:b74e:94b1:dff3:2113:d6a:0 - "GET /observer/trends HTTP/1.1" 200 OK
INFO:     2408:8256:2e81:b74e:94b1:dff3:2113:d6a:0 - "GET /observer/transactions?limit=20 HTTP/1.1" 200 OK
INFO:     2806:108e:29:d0a6:f12d:a4f6:7ab7:a34b:0 - "GET /observer/transactions?limit=20 HTTP/1.1" 200 OK
INFO:     2806:108e:29:d0a6:f12d:a4f6:7ab7:a34b:0 - "GET /observer/trends HTTP/1.1" 200 OK
INFO:     2408:8256:2e81:b74e:94b1:dff3:2113:d6a:0 - "GET /observer/trends HTTP/1.1" 200 OK
INFO:     2408:8256:2e81:b74e:94b1:dff3:2113:d6a:0 - "GET /observer/transactions?limit=20 HTTP/1.1" 200 OK
INFO:     2806:108e:29:d0a6:f12d:a4f6:7ab7:a34b:0 - "GET /observer/trends HTTP/1.1" 200 OK
INFO:     2806:108e:29:d0a6:f12d:a4f6:7ab7:a34b:0 - "GET /observer/transactions?limit=20 HTTP/1.1" 200 OK
INFO:     2408:8256:2e81:b74e:94b1:dff3:2113:d6a:0 - "GET /observer/trends HTTP/1.1" 200 OK
INFO:     2408:8256:2e81:b74e:94b1:dff3:2113:d6a:0 - "GET /observer/transactions?limit=20 HTTP/1.1" 200 OK
INFO:     2806:108e:29:d0a6:f12d:a4f6:7ab7:a34b:0 - "GET /observer/transactions?limit=20 HTTP/1.1" 200 OK
INFO:     2806:108e:29:d0a6:f12d:a4f6:7ab7:a34b:0 - "GET /observer/trends HTTP/1.1" 200 OK
INFO:     2408:8256:2e81:b74e:94b1:dff3:2113:d6a:0 - "GET /observer/transactions?limit=20 HTTP/1.1" 200 OK
INFO:     2408:8256:2e81:b74e:94b1:dff3:2113:d6a:0 - "GET /observer/trends HTTP/1.1" 200 OK
INFO:     2806:108e:29:d0a6:f12d:a4f6:7ab7:a34b:0 - "GET /observer/trends HTTP/1.1" 200 OK
INFO:     2806:108e:29:d0a6:f12d:a4f6:7ab7:a34b:0 - "GET /observer/transactions?limit=20 HTTP/1.1" 200 OK
INFO:     2408:8256:2e81:b74e:94b1:dff3:2113:d6a:0 - "GET /observer/transactions?limit=20 HTTP/1.1" 200 OK
INFO:     2408:8256:2e81:b74e:94b1:dff3:2113:d6a:0 - "GET /observer/trends HTTP/1.1" 200 OK
INFO:     2806:108e:29:d0a6:f12d:a4f6:7ab7:a34b:0 - "GET /observer/transactions?limit=20 HTTP/1.1" 200 OK
INFO:     2806:108e:29:d0a6:f12d:a4f6:7ab7:a34b:0 - "GET /observer/trends HTTP/1.1" 200 OK
INFO:     2408:8256:2e81:b74e:94b1:dff3:2113:d6a:0 - "GET /observer/trends HTTP/1.1" 200 OK
INFO:     2408:8256:2e81:b74e:94b1:dff3:2113:d6a:0 - "GET /observer/transactions?limit=20 HTTP/1.1" 200 OK
INFO:     2806:108e:29:d0a6:f12d:a4f6:7ab7:a34b:0 - "GET /observer/trends HTTP/1.1" 200 OK
INFO:     2806:108e:29:d0a6:f12d:a4f6:7ab7:a34b:0 - "GET /observer/transactions?limit=20 HTTP/1.1" 200 OK
INFO:     2408:8256:2e81:b74e:94b1:dff3:2113:d6a:0 - "GET /observer/transactions?limit=20 HTTP/1.1" 200 OK
INFO:     2408:8256:2e81:b74e:94b1:dff3:2113:d6a:0 - "GET /observer/trends HTTP/1.1" 200 OK
INFO:     2806:108e:29:d0a6:f12d:a4f6:7ab7:a34b:0 - "GET /observer/trends HTTP/1.1" 200 OK
INFO:     2806:108e:29:d0a6:f12d:a4f6:7ab7:a34b:0 - "GET /observer/transactions?limit=20 HTTP/1.1" 200 OK
INFO:     2408:8256:2e81:b74e:94b1:dff3:2113:d6a:0 - "GET /observer/trends HTTP/1.1" 200 OK
INFO:     2408:8256:2e81:b74e:94b1:dff3:2113:d6a:0 - "GET /observer/transactions?limit=20 HTTP/1.1" 200 OK
INFO:     2806:108e:29:d0a6:f12d:a4f6:7ab7:a34b:0 - "GET /observer/trends HTTP/1.1" 200 OK
INFO:     2806:108e:29:d0a6:f12d:a4f6:7ab7:a34b:0 - "GET /observer/transactions?limit=20 HTTP/1.1" 200 OK
INFO:     2408:8256:2e81:b74e:94b1:dff3:2113:d6a:0 - "GET /observer/trends HTTP/1.1" 200 OK
INFO:     2408:8256:2e81:b74e:94b1:dff3:2113:d6a:0 - "GET /observer/transactions?limit=20 HTTP/1.1" 200 OK
INFO:     2806:108e:29:d0a6:f12d:a4f6:7ab7:a34b:0 - "GET /observer/transactions?limit=20 HTTP/1.1" 200 OK
INFO:     2806:108e:29:d0a6:f12d:a4f6:7ab7:a34b:0 - "GET /observer/trends HTTP/1.1" 200 OK
INFO:     216.73.216.114:0 - "GET /robots.txt HTTP/1.1" 404 Not Found
INFO:     2408:8256:2e81:b74e:94b1:dff3:2113:d6a:0 - "GET /observer/trends HTTP/1.1" 200 OK
INFO:     2408:8256:2e81:b74e:94b1:dff3:2113:d6a:0 - "GET /observer/transactions?limit=20 HTTP/1.1" 200 OK
INFO:     2806:108e:29:d0a6:f12d:a4f6:7ab7:a34b:0 - "GET /observer/trends HTTP/1.1" 200 OK
INFO:     2806:108e:29:d0a6:f12d:a4f6:7ab7:a34b:0 - "GET /observer/transactions?limit=20 HTTP/1.1" 200 OK
INFO:     2408:8256:2e81:b74e:94b1:dff3:2113:d6a:0 - "GET /observer/trends HTTP/1.1" 200 OK
INFO:     2408:8256:2e81:b74e:94b1:dff3:2113:d6a:0 - "GET /observer/transactions?limit=20 HTTP/1.1" 200 OK
INFO:     2806:108e:29:d0a6:f12d:a4f6:7ab7:a34b:0 - "GET /observer/trends HTTP/1.1" 200 OK
INFO:     2806:108e:29:d0a6:f12d:a4f6:7ab7:a34b:0 - "GET /observer/transactions?limit=20 HTTP/1.1" 200 OK
INFO:     2408:8256:2e81:b74e:94b1:dff3:2113:d6a:0 - "GET /observer/trends HTTP/1.1" 200 OK
INFO:     2408:8256:2e81:b74e:94b1:dff3:2113:d6a:0 - "GET /observer/transactions?limit=20 HTTP/1.1" 200 OK
INFO:     2806:108e:29:d0a6:f12d:a4f6:7ab7:a34b:0 - "GET /observer/trends HTTP/1.1" 200 OK
INFO:     2806:108e:29:d0a6:f12d:a4f6:7ab7:a34b:0 - "GET /observer/transactions?limit=20 HTTP/1.1" 200 OK
INFO:     2408:8256:2e81:b74e:94b1:dff3:2113:d6a:0 - "GET /observer/transactions?limit=20 HTTP/1.1" 200 OK
INFO:     2408:8256:2e81:b74e:94b1:dff3:2113:d6a:0 - "GET /observer/trends HTTP/1.1" 200 OK
INFO:     2806:108e:29:d0a6:f12d:a4f6:7ab7:a34b:0 - "GET /observer/transactions?limit=20 HTTP/1.1" 200 OK
INFO:     2806:108e:29:d0a6:f12d:a4f6:7ab7:a34b:0 - "GET /observer/trends HTTP/1.1" 200 OK
INFO:     2408:8256:2e81:b74e:94b1:dff3:2113:d6a:0 - "GET /observer/trends HTTP/1.1" 200 OK
INFO:     2408:8256:2e81:b74e:94b1:dff3:2113:d6a:0 - "GET /observer/transactions?limit=20 HTTP/1.1" 200 OK
INFO:     2806:108e:29:d0a6:f12d:a4f6:7ab7:a34b:0 - "GET /observer/transactions?limit=20 HTTP/1.1" 200 OK
INFO:     2806:108e:29:d0a6:f12d:a4f6:7ab7:a34b:0 - "GET /observer/trends HTTP/1.1" 200 OK
INFO:     2408:8256:2e81:b74e:94b1:dff3:2113:d6a:0 - "GET /observer/trends HTTP/1.1" 200 OK
INFO:     2408:8256:2e81:b74e:94b1:dff3:2113:d6a:0 - "GET /observer/transactions?limit=20 HTTP/1.1" 200 OK
INFO:     2806:108e:29:d0a6:f12d:a4f6:7ab7:a34b:0 - "GET /observer/trends HTTP/1.1" 200 OK
INFO:     2806:108e:29:d0a6:f12d:a4f6:7ab7:a34b:0 - "GET /observer/transactions?limit=20 HTTP/1.1" 200 OK
INFO:     2408:8256:2e81:b74e:94b1:dff3:2113:d6a:0 - "GET /observer/transactions?limit=20 HTTP/1.1" 200 OK
INFO:     2408:8256:2e81:b74e:94b1:dff3:2113:d6a:0 - "GET /observer/trends HTTP/1.1" 200 OK
INFO:     2806:108e:29:d0a6:f12d:a4f6:7ab7:a34b:0 - "GET /observer/trends HTTP/1.1" 200 OK
INFO:     2806:108e:29:d0a6:f12d:a4f6:7ab7:a34b:0 - "GET /observer/transactions?limit=20 HTTP/1.1" 200 OK
INFO:     2408:8256:2e81:b74e:94b1:dff3:2113:d6a:0 - "GET /observer/trends HTTP/1.1" 200 OK
INFO:     2408:8256:2e81:b74e:94b1:dff3:2113:d6a:0 - "GET /observer/transactions?limit=20 HTTP/1.1" 200 OK
INFO:     2806:108e:29:d0a6:f12d:a4f6:7ab7:a34b:0 - "GET /observer/trends HTTP/1.1" 200 OK
INFO:     2806:108e:29:d0a6:f12d:a4f6:7ab7:a34b:0 - "GET /observer/transactions?limit=20 HTTP/1.1" 200 OK
INFO:     2408:8256:2e81:b74e:94b1:dff3:2113:d6a:0 - "GET /observer/transactions?limit=20 HTTP/1.1" 200 OK
INFO:     2408:8256:2e81:b74e:94b1:dff3:2113:d6a:0 - "GET /observer/trends HTTP/1.1" 200 OK
INFO:     2806:108e:29:d0a6:f12d:a4f6:7ab7:a34b:0 - "GET /observer/trends HTTP/1.1" 200 OK
INFO:     2806:108e:29:d0a6:f12d:a4f6:7ab7:a34b:0 - "GET /observer/transactions?limit=20 HTTP/1.1" 200 OK
INFO:     2408:8256:2e81:b74e:94b1:dff3:2113:d6a:0 - "GET /observer/trends HTTP/1.1" 200 OK
INFO:     2408:8256:2e81:b74e:94b1:dff3:2113:d6a:0 - "GET /observer/transactions?limit=20 HTTP/1.1" 200 OK
INFO:     2806:108e:29:d0a6:f12d:a4f6:7ab7:a34b:0 - "GET /observer/transactions?limit=20 HTTP/1.1" 200 OK
INFO:     2806:108e:29:d0a6:f12d:a4f6:7ab7:a34b:0 - "GET /observer/trends HTTP/1.1" 200 OK
INFO:     2408:8256:2e81:b74e:94b1:dff3:2113:d6a:0 - "GET /observer/transactions?limit=20 HTTP/1.1" 200 OK
INFO:     2408:8256:2e81:b74e:94b1:dff3:2113:d6a:0 - "GET /observer/trends HTTP/1.1" 200 OK
INFO:     2806:108e:29:d0a6:f12d:a4f6:7ab7:a34b:0 - "GET /observer/transactions?limit=20 HTTP/1.1" 200 OK
INFO:     2806:108e:29:d0a6:f12d:a4f6:7ab7:a34b:0 - "GET /observer/trends HTTP/1.1" 200 OK
INFO:     2408:8256:2e81:b74e:94b1:dff3:2113:d6a:0 - "GET /observer/trends HTTP/1.1" 200 OK
INFO:     2408:8256:2e81:b74e:94b1:dff3:2113:d6a:0 - "GET /observer/transactions?limit=20 HTTP/1.1" 200 OK
INFO:     2806:108e:29:d0a6:f12d:a4f6:7ab7:a34b:0 - "GET /observer/transactions?limit=20 HTTP/1.1" 200 OK
INFO:     2806:108e:29:d0a6:f12d:a4f6:7ab7:a34b:0 - "GET /observer/trends HTTP/1.1" 200 OK
INFO:     2408:8256:2e81:b74e:94b1:dff3:2113:d6a:0 - "GET /observer/trends HTTP/1.1" 200 OK
INFO:     2408:8256:2e81:b74e:94b1:dff3:2113:d6a:0 - "GET /observer/transactions?limit=20 HTTP/1.1" 200 OK
INFO:     192.168.1.94:54166 - "GET /index.html HTTP/1.1" 404 Not Found
INFO:     192.168.1.94:54168 - "GET /favicon.ico HTTP/1.1" 404 Not Found
INFO:     192.168.1.94:54168 - "GET /favicon.ico HTTP/1.1" 404 Not Found
INFO:     2806:108e:29:d0a6:1d49:1687:4050:98f1:0 - "GET /adopters/ HTTP/1.1" 404 Not Found
INFO:     2806:108e:29:d0a6:f12d:a4f6:7ab7:a34b:0 - "GET /observer/trends HTTP/1.1" 200 OK
INFO:     2806:108e:29:d0a6:f12d:a4f6:7ab7:a34b:0 - "GET /observer/transactions?limit=20 HTTP/1.1" 200 OK
INFO:     2408:8256:2e81:b74e:94b1:dff3:2113:d6a:0 - "GET /observer/trends HTTP/1.1" 200 OK
INFO:     2408:8256:2e81:b74e:94b1:dff3:2113:d6a:0 - "GET /observer/transactions?limit=20 HTTP/1.1" 200 OK
INFO:     2806:108e:29:d0a6:f12d:a4f6:7ab7:a34b:0 - "GET /observer/transactions?limit=20 HTTP/1.1" 200 OK
INFO:     2806:108e:29:d0a6:f12d:a4f6:7ab7:a34b:0 - "GET /observer/trends HTTP/1.1" 200 OK
INFO:     2408:8256:2e81:b74e:94b1:dff3:2113:d6a:0 - "GET /observer/trends HTTP/1.1" 200 OK
INFO:     2408:8256:2e81:b74e:94b1:dff3:2113:d6a:0 - "GET /observer/transactions?limit=20 HTTP/1.1" 200 OK
INFO:     2806:108e:29:d0a6:f12d:a4f6:7ab7:a34b:0 - "GET /observer/transactions?limit=20 HTTP/1.1" 200 OK
INFO:     2806:108e:29:d0a6:f12d:a4f6:7ab7:a34b:0 - "GET /observer/trends HTTP/1.1" 200 OK
INFO:     2408:8256:2e81:b74e:94b1:dff3:2113:d6a:0 - "GET /observer/transactions?limit=20 HTTP/1.1" 200 OK
INFO:     2408:8256:2e81:b74e:94b1:dff3:2113:d6a:0 - "GET /observer/trends HTTP/1.1" 200 OK
INFO:     2806:108e:29:d0a6:f12d:a4f6:7ab7:a34b:0 - "GET /observer/trends HTTP/1.1" 200 OK
INFO:     2806:108e:29:d0a6:f12d:a4f6:7ab7:a34b:0 - "GET /observer/transactions?limit=20 HTTP/1.1" 200 OK
INFO:     2408:8256:2e81:b74e:94b1:dff3:2113:d6a:0 - "GET /observer/transactions?limit=20 HTTP/1.1" 200 OK
INFO:     2408:8256:2e81:b74e:94b1:dff3:2113:d6a:0 - "GET /observer/trends HTTP/1.1" 200 OK
INFO:     2806:108e:29:d0a6:f12d:a4f6:7ab7:a34b:0 - "GET /observer/trends HTTP/1.1" 200 OK
INFO:     2806:108e:29:d0a6:f12d:a4f6:7ab7:a34b:0 - "GET /observer/transactions?limit=20 HTTP/1.1" 200 OK
INFO:     2408:8256:2e81:b74e:94b1:dff3:2113:d6a:0 - "GET /observer/transactions?limit=20 HTTP/1.1" 200 OK
INFO:     2408:8256:2e81:b74e:94b1:dff3:2113:d6a:0 - "GET /observer/trends HTTP/1.1" 200 OK
INFO:     Shutting down
INFO:     Waiting for application shutdown.
INFO:     Application shutdown complete.
INFO:     Finished server process [2714827]
nohup: ignoring input
Traceback (most recent call last):
  File "<frozen runpy>", line 198, in _run_module_as_main
  File "<frozen runpy>", line 88, in _run_code
  File "/usr/lib/python3/dist-packages/uvicorn/__main__.py", line 4, in <module>
    uvicorn.main()
  File "/usr/lib/python3/dist-packages/click/core.py", line 1157, in __call__
    return self.main(*args, **kwargs)
           ^^^^^^^^^^^^^^^^^^^^^^^^^^
  File "/usr/lib/python3/dist-packages/click/core.py", line 1078, in main
    rv = self.invoke(ctx)
         ^^^^^^^^^^^^^^^^
  File "/usr/lib/python3/dist-packages/click/core.py", line 1434, in invoke
    return ctx.invoke(self.callback, **ctx.params)
           ^^^^^^^^^^^^^^^^^^^^^^^^^^^^^^^^^^^^^^^
  File "/usr/lib/python3/dist-packages/click/core.py", line 783, in invoke
    return __callback(*args, **kwargs)
           ^^^^^^^^^^^^^^^^^^^^^^^^^^^
  File "/usr/lib/python3/dist-packages/uvicorn/main.py", line 418, in main
    run(
  File "/usr/lib/python3/dist-packages/uvicorn/main.py", line 587, in run
    server.run()
  File "/usr/lib/python3/dist-packages/uvicorn/server.py", line 62, in run
    return asyncio.run(self.serve(sockets=sockets))
           ^^^^^^^^^^^^^^^^^^^^^^^^^^^^^^^^^^^^^^^^
  File "/usr/lib/python3.12/asyncio/runners.py", line 194, in run
    return runner.run(main)
           ^^^^^^^^^^^^^^^^
  File "/usr/lib/python3.12/asyncio/runners.py", line 118, in run
    return self._loop.run_until_complete(task)
           ^^^^^^^^^^^^^^^^^^^^^^^^^^^^^^^^^^^
  File "uvloop/loop.pyx", line 1516, in uvloop.loop.Loop.run_until_complete
  File "/usr/lib/python3/dist-packages/uvicorn/server.py", line 69, in serve
    config.load()
  File "/usr/lib/python3/dist-packages/uvicorn/config.py", line 458, in load
    self.loaded_app = import_from_string(self.app)
                      ^^^^^^^^^^^^^^^^^^^^^^^^^^^^
  File "/usr/lib/python3/dist-packages/uvicorn/importer.py", line 21, in import_from_string
    module = importlib.import_module(module_str)
             ^^^^^^^^^^^^^^^^^^^^^^^^^^^^^^^^^^^
  File "/usr/lib/python3.12/importlib/__init__.py", line 90, in import_module
    return _bootstrap._gcd_import(name[level:], package, level)
           ^^^^^^^^^^^^^^^^^^^^^^^^^^^^^^^^^^^^^^^^^^^^^^^^^^^^
  File "<frozen importlib._bootstrap>", line 1387, in _gcd_import
  File "<frozen importlib._bootstrap>", line 1360, in _find_and_load
  File "<frozen importlib._bootstrap>", line 1331, in _find_and_load_unlocked
  File "<frozen importlib._bootstrap>", line 935, in _load_unlocked
  File "<frozen importlib._bootstrap_external>", line 991, in exec_module
  File "<frozen importlib._bootstrap_external>", line 1129, in get_code
  File "<frozen importlib._bootstrap_external>", line 1059, in source_to_code
  File "<frozen importlib._bootstrap>", line 488, in _call_with_frames_removed
  File "/media/nvme/observer-protocol/api/api-server-v2.py", line 34
    )
    ^
SyntaxError: unmatched ')'
